TN:
SF:src/Int64.js
FN:32,(anonymous_1)
FN:48,(anonymous_2)
FN:75,(anonymous_3)
FN:93,(anonymous_4)
FN:146,(anonymous_5)
FN:179,(anonymous_6)
FN:188,(anonymous_7)
FN:197,(anonymous_8)
FNF:8
FNH:1
FNDA:1,(anonymous_1)
FNDA:0,(anonymous_2)
FNDA:0,(anonymous_3)
FNDA:0,(anonymous_4)
FNDA:0,(anonymous_5)
FNDA:0,(anonymous_6)
FNDA:0,(anonymous_7)
FNDA:0,(anonymous_8)
DA:32,1
DA:48,1
DA:49,0
DA:50,0
DA:51,0
DA:53,0
DA:54,0
DA:60,1
DA:63,1
DA:65,1
DA:66,1
DA:67,256
DA:70,1
DA:76,0
DA:79,0
DA:80,0
DA:81,0
DA:82,0
DA:94,0
DA:95,0
DA:96,0
DA:99,0
DA:100,0
DA:101,0
DA:102,0
DA:103,0
DA:104,0
DA:106,0
DA:107,0
DA:108,0
DA:109,0
DA:110,0
DA:111,0
DA:112,0
DA:114,0
DA:122,0
DA:124,0
DA:125,0
DA:126,0
DA:130,0
DA:131,0
DA:147,0
DA:151,0
DA:154,0
DA:155,0
DA:158,0
DA:159,0
DA:160,0
DA:161,0
DA:164,0
DA:168,0
DA:169,0
DA:172,0
DA:180,0
DA:189,0
DA:198,0
DA:199,0
DA:201,0
DA:202,0
DA:204,0
DA:208,1
LF:61
LH:9
BRDA:49,1,0,0
BRDA:49,1,1,0
BRDA:50,2,0,0
BRDA:50,2,1,0
BRDA:53,3,0,0
BRDA:53,3,1,0
BRDA:67,4,0,240
BRDA:67,4,1,16
BRDA:95,5,0,0
BRDA:95,5,1,0
BRDA:96,6,0,0
BRDA:96,6,1,0
BRDA:103,7,0,0
BRDA:103,7,1,0
BRDA:107,8,0,0
BRDA:107,8,1,0
BRDA:110,9,0,0
BRDA:110,9,1,0
BRDA:126,10,0,0
BRDA:126,10,1,0
BRDA:130,11,0,0
BRDA:130,11,1,0
BRDA:158,12,0,0
BRDA:158,12,1,0
BRDA:168,13,0,0
BRDA:168,13,1,0
BRDA:168,14,0,0
BRDA:168,14,1,0
BRDA:169,15,0,0
BRDA:169,15,1,0
BRDA:172,16,0,0
BRDA:172,16,1,0
BRDA:189,17,0,0
BRDA:189,17,1,0
BRDA:204,18,0,0
BRDA:204,18,1,0
BRF:36
BRH:2
end_of_record
TN:
SF:src/layer.js
FN:30,(anonymous_1)
FN:41,getLayerCreateCommons
FN:56,getLayerCmdCommons
FN:72,getLayerSetUint8
FN:99,getLayerSetUint16
FN:125,getLayerSetUint32
FN:153,getLayerSetUint64
FN:194,getLayerSetFloat32
FN:208,getLayerSetFloat32
FN:234,getLayerSetFloat64
FN:260,getLayerSubUnsub
FN:273,sendLayerSubUnsub
FN:330,getLayerCreate
FN:339,getLayerDestroy
FN:387,(anonymous_15)
FN:397,(anonymous_16)
FN:407,getLayerValues
FNF:17
FNH:1
FNDA:1,(anonymous_1)
FNDA:0,getLayerCreateCommons
FNDA:0,getLayerCmdCommons
FNDA:0,getLayerSetUint8
FNDA:0,getLayerSetUint16
FNDA:0,getLayerSetUint32
FNDA:0,getLayerSetUint64
FNDA:0,getLayerSetFloat32
FNDA:0,getLayerSetFloat32
FNDA:0,getLayerSetFloat64
FNDA:0,getLayerSubUnsub
FNDA:0,sendLayerSubUnsub
FNDA:0,getLayerCreate
FNDA:0,getLayerDestroy
FNDA:0,(anonymous_15)
FNDA:0,(anonymous_16)
FNDA:0,getLayerValues
DA:30,1
DA:33,1
DA:41,1
DA:42,0
DA:56,1
DA:57,0
DA:72,1
DA:74,0
DA:76,0
DA:77,0
DA:79,0
DA:80,0
DA:83,0
DA:84,0
DA:87,0
DA:88,0
DA:91,0
DA:99,1
DA:100,0
DA:102,0
DA:103,0
DA:105,0
DA:106,0
DA:109,0
DA:110,0
DA:113,0
DA:114,0
DA:117,0
DA:125,1
DA:126,0
DA:128,0
DA:129,0
DA:131,0
DA:132,0
DA:135,0
DA:136,0
DA:139,0
DA:140,0
DA:143,0
DA:153,1
DA:154,0
DA:156,0
DA:158,0
DA:160,0
DA:161,0
DA:162,0
DA:163,0
DA:165,0
DA:166,0
DA:167,0
DA:168,0
DA:169,0
DA:172,0
DA:173,0
DA:174,0
DA:175,0
DA:176,0
DA:179,0
DA:180,0
DA:181,0
DA:182,0
DA:183,0
DA:186,0
DA:194,1
DA:195,0
DA:197,0
DA:198,0
DA:200,0
DA:208,1
DA:209,0
DA:211,0
DA:212,0
DA:214,0
DA:215,0
DA:218,0
DA:219,0
DA:222,0
DA:223,0
DA:226,0
DA:234,1
DA:235,0
DA:237,0
DA:238,0
DA:240,0
DA:241,0
DA:244,0
DA:245,0
DA:248,0
DA:249,0
DA:252,0
DA:260,1
DA:261,0
DA:262,0
DA:263,0
DA:264,0
DA:265,0
DA:266,0
DA:273,1
DA:274,0
DA:275,0
DA:276,0
DA:277,0
DA:278,0
DA:279,0
DA:280,0
DA:281,0
DA:282,0
DA:287,1
DA:329,1
DA:331,0
DA:332,0
DA:333,0
DA:334,0
DA:335,0
DA:336,0
DA:340,0
DA:341,0
DA:343,0
DA:380,1
DA:388,0
DA:398,0
DA:408,0
DA:409,0
DA:414,1
LF:124
LH:17
BRDA:79,1,0,0
BRDA:79,1,1,0
BRDA:83,2,0,0
BRDA:83,2,1,0
BRDA:87,3,0,0
BRDA:87,3,1,0
BRDA:105,4,0,0
BRDA:105,4,1,0
BRDA:109,5,0,0
BRDA:109,5,1,0
BRDA:113,6,0,0
BRDA:113,6,1,0
BRDA:131,7,0,0
BRDA:131,7,1,0
BRDA:135,8,0,0
BRDA:135,8,1,0
BRDA:139,9,0,0
BRDA:139,9,1,0
BRDA:165,10,0,0
BRDA:165,10,1,0
BRDA:172,11,0,0
BRDA:172,11,1,0
BRDA:179,12,0,0
BRDA:179,12,1,0
BRDA:214,13,0,0
BRDA:214,13,1,0
BRDA:218,14,0,0
BRDA:218,14,1,0
BRDA:222,15,0,0
BRDA:222,15,1,0
BRDA:240,16,0,0
BRDA:240,16,1,0
BRDA:244,17,0,0
BRDA:244,17,1,0
BRDA:248,18,0,0
BRDA:248,18,1,0
BRF:36
BRH:0
end_of_record
TN:
SF:src/main-config.js
FNF:0
FNH:0
DA:1,1
LF:1
LH:1
BRF:0
BRH:0
end_of_record
TN:
SF:src/message.js
FN:30,(anonymous_1)
FN:48,(anonymous_2)
FNF:2
FNH:1
FNDA:1,(anonymous_1)
FNDA:0,(anonymous_2)
DA:30,1
DA:33,1
DA:40,1
DA:49,0
DA:51,0
DA:52,0
DA:54,0
DA:56,0
DA:58,0
DA:62,1
LF:10
LH:4
BRF:0
BRH:0
end_of_record
TN:
SF:src/negotiation.js
FN:30,(anonymous_1)
FN:41,(anonymous_2)
FN:74,(anonymous_3)
FN:98,parseFeature
FN:142,parseStringValue
FN:162,getFeatureValues
FN:172,(anonymous_7)
FN:182,(anonymous_8)
FN:192,(anonymous_9)
FN:202,(anonymous_10)
FN:213,(anonymous_11)
FN:223,(anonymous_12)
FN:234,(anonymous_13)
FN:257,(anonymous_14)
FNF:14
FNH:1
FNDA:1,(anonymous_1)
FNDA:0,(anonymous_2)
FNDA:0,(anonymous_3)
FNDA:0,parseFeature
FNDA:0,parseStringValue
FNDA:0,getFeatureValues
FNDA:0,(anonymous_7)
FNDA:0,(anonymous_8)
FNDA:0,(anonymous_9)
FNDA:0,(anonymous_10)
FNDA:0,(anonymous_11)
FNDA:0,(anonymous_12)
FNDA:0,(anonymous_13)
FNDA:0,(anonymous_14)
DA:30,1
DA:33,1
DA:41,1
DA:42,0
DA:44,0
DA:45,0
DA:46,0
DA:48,0
DA:50,0
DA:52,0
DA:54,0
DA:58,0
DA:61,0
DA:64,0
DA:74,1
DA:75,0
DA:77,0
DA:78,0
DA:80,0
DA:82,0
DA:84,0
DA:86,0
DA:88,0
DA:98,1
DA:99,0
DA:116,0
DA:117,0
DA:118,0
DA:122,0
DA:123,0
DA:128,0
DA:142,1
DA:143,0
DA:144,0
DA:145,0
DA:147,0
DA:154,1
DA:163,0
DA:173,0
DA:183,0
DA:193,0
DA:203,0
DA:214,0
DA:224,0
DA:235,0
DA:237,0
DA:238,0
DA:240,0
DA:242,0
DA:244,0
DA:246,0
DA:248,0
DA:258,0
DA:265,1
LF:54
LH:8
BRDA:116,1,0,0
BRDA:116,1,1,0
BRDA:122,2,0,0
BRDA:122,2,1,0
BRF:4
BRH:0
end_of_record
TN:
SF:src/node.js
FN:30,(anonymous_1)
FN:55,getNodeCreate
FN:65,getNodeDestroy
FN:71,getNodeSubscribe
FN:79,getNodeUnsubscribe
FN:87,getNodeLink
FN:95,getNodePermissions
FN:104,getNodeUmask
FN:110,getNodeOwner
FN:118,getNodeLock
FN:126,getNodeUnlock
FN:143,(anonymous_12)
FN:153,getNodeValues
FNF:13
FNH:1
FNDA:1,(anonymous_1)
FNDA:0,getNodeCreate
FNDA:0,getNodeDestroy
FNDA:0,getNodeSubscribe
FNDA:0,getNodeUnsubscribe
FNDA:0,getNodeLink
FNDA:0,getNodePermissions
FNDA:0,getNodeUmask
FNDA:0,getNodeOwner
FNDA:0,getNodeLock
FNDA:0,getNodeUnlock
FNDA:0,(anonymous_12)
FNDA:0,getNodeValues
DA:30,1
DA:33,1
DA:36,1
DA:54,1
DA:56,0
DA:66,0
DA:72,0
DA:80,0
DA:88,0
DA:96,0
DA:105,0
DA:111,0
DA:119,0
DA:127,0
DA:137,1
DA:144,0
DA:145,0
DA:146,0
DA:147,0
DA:148,0
DA:149,0
DA:150,0
DA:154,0
DA:155,0
DA:166,1
LF:25
LH:6
BRF:0
BRH:0
end_of_record
TN:
SF:src/request.js
FN:30,(anonymous_1)
FN:40,message
FN:67,buffer_push
FNF:3
FNH:1
FNDA:1,(anonymous_1)
FNDA:0,message
FNDA:0,buffer_push
DA:30,1
DA:34,1
DA:41,0
DA:43,0
DA:44,0
DA:45,0
DA:46,0
DA:50,0
DA:52,0
DA:55,0
DA:56,0
DA:59,0
DA:68,0
DA:70,0
DA:71,0
DA:72,0
DA:73,0
DA:74,0
DA:77,0
DA:78,0
DA:82,0
DA:83,0
DA:86,0
DA:93,1
LF:24
LH:3
BRF:0
BRH:0
end_of_record
TN:
SF:src/response.js
FN:30,(anonymous_1)
FN:33,checkOpCode
FN:118,(anonymous_3)
FN:135,(anonymous_4)
FNF:4
FNH:1
FNDA:1,(anonymous_1)
FNDA:0,checkOpCode
FNDA:0,(anonymous_3)
FNDA:0,(anonymous_4)
DA:30,1
DA:33,1
DA:35,0
DA:38,0
DA:48,0
DA:49,0
DA:51,0
DA:52,0
DA:57,0
DA:58,0
DA:60,0
DA:66,0
DA:67,0
DA:68,0
DA:70,0
DA:71,0
DA:76,0
DA:77,0
DA:78,0
DA:80,0
DA:82,0
DA:83,0
DA:84,0
DA:86,0
DA:88,0
DA:89,0
DA:90,0
DA:92,0
DA:94,0
DA:95,0
DA:96,0
DA:98,0
DA:101,0
DA:117,1
DA:120,0
DA:121,0
DA:124,0
DA:125,0
DA:127,0
DA:128,0
DA:131,0
DA:136,0
DA:137,0
DA:138,0
DA:140,0
DA:141,0
DA:143,0
DA:144,0
DA:145,0
DA:147,0
DA:148,0
DA:150,0
DA:151,0
DA:153,0
DA:156,0
DA:160,0
DA:167,1
LF:57
LH:4
BRDA:48,1,0,0
BRDA:48,1,1,0
BRDA:51,2,0,0
BRDA:51,2,1,0
BRDA:57,3,0,0
BRDA:57,3,1,0
BRDA:66,4,0,0
BRDA:66,4,1,0
BRDA:76,5,0,0
BRDA:76,5,1,0
BRDA:76,6,0,0
BRDA:76,6,1,0
BRDA:82,7,0,0
BRDA:82,7,1,0
BRDA:82,8,0,0
BRDA:82,8,1,0
BRDA:88,9,0,0
BRDA:88,9,1,0
BRDA:88,10,0,0
BRDA:88,10,1,0
BRDA:94,11,0,0
BRDA:94,11,1,0
BRDA:94,12,0,0
BRDA:94,12,1,0
BRDA:127,13,0,0
BRDA:127,13,1,0
BRDA:150,14,0,0
BRDA:150,14,1,0
BRF:28
BRH:0
end_of_record
TN:
SF:src/tag.js
FN:30,(anonymous_1)
FN:41,getTagSetCommons
FN:57,getTagSetUint8
FN:83,getTagSetUint16
FN:108,getTagSetUint32
FN:135,getTagSetUint64
FN:174,getTagSetFloat16
FN:187,getTagSetFloat32
FN:212,getTagSetFloat64
FN:237,getTagSetString8
FN:297,getTagCreate
FN:307,getTagDestroy
FN:353,getTagValues
FNF:13
FNH:1
FNDA:1,(anonymous_1)
FNDA:0,getTagSetCommons
FNDA:0,getTagSetUint8
FNDA:0,getTagSetUint16
FNDA:0,getTagSetUint32
FNDA:0,getTagSetUint64
FNDA:0,getTagSetFloat16
FNDA:0,getTagSetFloat32
FNDA:0,getTagSetFloat64
FNDA:0,getTagSetString8
FNDA:0,getTagCreate
FNDA:0,getTagDestroy
FNDA:0,getTagValues
DA:30,1
DA:33,1
DA:41,1
DA:42,0
DA:57,1
DA:59,0
DA:61,0
DA:63,0
DA:64,0
DA:67,0
DA:68,0
DA:71,0
DA:72,0
DA:75,0
DA:83,1
DA:84,0
DA:86,0
DA:88,0
DA:89,0
DA:92,0
DA:93,0
DA:96,0
DA:97,0
DA:100,0
DA:108,1
DA:109,0
DA:111,0
DA:113,0
DA:114,0
DA:117,0
DA:118,0
DA:121,0
DA:122,0
DA:125,0
DA:135,1
DA:136,0
DA:138,0
DA:140,0
DA:141,0
DA:142,0
DA:143,0
DA:145,0
DA:146,0
DA:147,0
DA:148,0
DA:149,0
DA:152,0
DA:153,0
DA:154,0
DA:155,0
DA:156,0
DA:159,0
DA:160,0
DA:161,0
DA:162,0
DA:163,0
DA:166,0
DA:174,1
DA:175,0
DA:177,0
DA:179,0
DA:187,1
DA:188,0
DA:190,0
DA:192,0
DA:193,0
DA:196,0
DA:197,0
DA:200,0
DA:201,0
DA:204,0
DA:212,1
DA:213,0
DA:215,0
DA:217,0
DA:218,0
DA:221,0
DA:222,0
DA:225,0
DA:226,0
DA:229,0
DA:237,1
DA:238,0
DA:240,0
DA:241,0
DA:242,0
DA:244,0
DA:246,0
DA:247,0
DA:251,0
DA:257,1
DA:296,1
DA:298,0
DA:299,0
DA:300,0
DA:301,0
DA:302,0
DA:303,0
DA:304,0
DA:308,0
DA:309,0
DA:310,0
DA:312,0
DA:346,1
DA:354,0
DA:355,0
DA:360,1
LF:107
LH:15
BRDA:63,1,0,0
BRDA:63,1,1,0
BRDA:67,2,0,0
BRDA:67,2,1,0
BRDA:71,3,0,0
BRDA:71,3,1,0
BRDA:88,4,0,0
BRDA:88,4,1,0
BRDA:92,5,0,0
BRDA:92,5,1,0
BRDA:96,6,0,0
BRDA:96,6,1,0
BRDA:113,7,0,0
BRDA:113,7,1,0
BRDA:117,8,0,0
BRDA:117,8,1,0
BRDA:121,9,0,0
BRDA:121,9,1,0
BRDA:145,10,0,0
BRDA:145,10,1,0
BRDA:152,11,0,0
BRDA:152,11,1,0
BRDA:159,12,0,0
BRDA:159,12,1,0
BRDA:192,13,0,0
BRDA:192,13,1,0
BRDA:196,14,0,0
BRDA:196,14,1,0
BRDA:200,15,0,0
BRDA:200,15,1,0
BRDA:217,16,0,0
BRDA:217,16,1,0
BRDA:221,17,0,0
BRDA:221,17,1,0
BRDA:225,18,0,0
BRDA:225,18,1,0
BRF:36
BRH:0
end_of_record
TN:
SF:src/taggroup.js
FN:30,(anonymous_1)
FN:39,sendSubUnsub
FN:52,getSubUnsub
FN:76,getTagGroupCreate
FN:85,getTagGroupDestroy
FN:105,(anonymous_6)
FN:115,(anonymous_7)
FN:123,getTagGroupValues
FNF:8
FNH:1
FNDA:1,(anonymous_1)
FNDA:0,sendSubUnsub
FNDA:0,getSubUnsub
FNDA:0,getTagGroupCreate
FNDA:0,getTagGroupDestroy
FNDA:0,(anonymous_6)
FNDA:0,(anonymous_7)
FNDA:0,getTagGroupValues
DA:30,1
DA:33,1
DA:39,1
DA:40,0
DA:41,0
DA:42,0
DA:43,0
DA:44,0
DA:45,0
DA:46,0
DA:47,0
DA:48,0
DA:52,1
DA:53,0
DA:64,1
DA:75,1
DA:77,0
DA:86,0
DA:98,1
DA:106,0
DA:116,0
DA:124,0
DA:125,0
DA:130,1
LF:24
LH:8
BRF:0
BRH:0
end_of_record
TN:
SF:src/user.js
FN:30,(anonymous_1)
FN:43,(anonymous_2)
FNF:2
FNH:1
FNDA:1,(anonymous_1)
FNDA:0,(anonymous_2)
DA:30,1
DA:34,1
DA:44,0
DA:48,0
DA:50,0
DA:51,0
DA:52,0
DA:53,0
DA:55,0
DA:58,0
DA:59,0
DA:62,0
DA:64,0
DA:67,0
DA:69,0
DA:70,0
DA:74,0
DA:77,0
DA:79,0
DA:81,0
DA:82,0
DA:86,0
DA:90,1
LF:23
LH:3
BRDA:50,1,0,0
BRDA:50,1,1,0
BRDA:52,2,0,0
BRDA:52,2,1,0
BRDA:77,3,0,0
BRDA:77,3,1,0
BRF:6
BRH:0
end_of_record
TN:
SF:src/verse.js
FN:33,(anonymous_1)
FN:49,(anonymous_2)
FN:50,(anonymous_3)
FN:59,onSocketError
FN:68,onSocketConnect
FN:77,onSocketClose
FN:88,userAuthNone
FN:99,userAuthData
FN:111,confirmHost
FN:127,onSocketMessage
FN:138,(anonymous_11)
FN:165,(anonymous_12)
FN:172,(anonymous_13)
FN:176,(anonymous_14)
FN:180,(anonymous_15)
FN:183,(anonymous_16)
FN:196,subscribeNode
FN:209,subscribeNode
FN:222,subscribeNode
FNF:19
FNH:0
FNDA:0,(anonymous_1)
FNDA:0,(anonymous_2)
FNDA:0,(anonymous_3)
FNDA:0,onSocketError
FNDA:0,onSocketConnect
FNDA:0,onSocketClose
FNDA:0,userAuthNone
FNDA:0,userAuthData
FNDA:0,confirmHost
FNDA:0,onSocketMessage
FNDA:0,(anonymous_11)
FNDA:0,(anonymous_12)
FNDA:0,(anonymous_13)
FNDA:0,(anonymous_14)
FNDA:0,(anonymous_15)
FNDA:0,(anonymous_16)
FNDA:0,subscribeNode
FNDA:0,subscribeNode
FNDA:0,subscribeNode
DA:32,1
DA:36,0
DA:37,0
DA:49,0
DA:50,0
DA:51,0
DA:59,0
DA:60,0
DA:68,0
DA:69,0
DA:77,0
DA:78,0
DA:79,0
DA:88,0
DA:89,0
DA:90,0
DA:91,0
DA:99,0
DA:101,0
DA:102,0
DA:103,0
DA:111,0
DA:112,0
DA:113,0
DA:114,0
DA:115,0
DA:117,0
DA:119,0
DA:127,0
DA:128,0
DA:130,0
DA:131,0
DA:132,0
DA:133,0
DA:136,0
DA:138,0
DA:139,0
DA:140,0
DA:141,0
DA:142,0
DA:143,0
DA:144,0
DA:145,0
DA:146,0
DA:147,0
DA:148,0
DA:150,0
DA:153,0
DA:164,0
DA:167,0
DA:168,0
DA:169,0
DA:170,0
DA:172,0
DA:173,0
DA:176,0
DA:177,0
DA:180,0
DA:181,0
DA:183,0
DA:184,0
DA:187,0
DA:197,0
DA:198,0
DA:199,0
DA:210,0
DA:211,0
DA:212,0
DA:223,0
DA:224,0
DA:225,0
DA:234,0
LF:72
LH:1
BRDA:36,1,0,0
BRDA:36,1,1,0
BRDA:78,2,0,0
BRDA:78,2,1,0
BRDA:78,3,0,0
BRDA:78,3,1,0
BRDA:78,3,2,0
BRDA:130,4,0,0
BRDA:130,4,1,0
BRDA:131,5,0,0
BRDA:131,5,1,0
BRDA:139,6,0,0
BRDA:139,6,1,0
BRDA:141,7,0,0
BRDA:141,7,1,0
BRDA:144,8,0,0
BRDA:144,8,1,0
BRDA:147,9,0,0
BRDA:147,9,1,0
BRDA:147,10,0,0
BRDA:147,10,1,0
BRF:21
BRH:0
end_of_record
